<?xml version="1.0" encoding="UTF-8"?>
<testsuite xmlns:xsi="http://www.w3.org/2001/XMLSchema-instance"
	xsi:noNamespaceSchemaLocation="https://maven.apache.org/surefire/maven-surefire-plugin/xsd/surefire-test-report.xsd"
	version="3.0.1"
	name="com.codeinsight.exercise.hibernateRelationships.AppTest" time="0.019"
	tests="1" errors="0" skipped="0" failures="0">
	<properties>
[...]
</properties>
	<testcase name="testApp"
		classname="com.codeinsight.exercise.hibernateRelationships.AppTest"
		time="0.007" />
</testsuite>